node:internal/fs/utils:696
    throw new ERR_INVALID_ARG_TYPE(propName, ['string', 'Buffer', 'URL'], path);
    ^

TypeError [ERR_INVALID_ARG_TYPE]: The "path" argument must be of type string or an instance of Buffer or URL. Received undefined
    at Object.openSync (node:fs:595:10)
    at Object.writeFileSync (node:fs:2324:35)
    at Timeout._onTimeout (file:///home/kevin/dev/cb/bin/tracker.js:26:10)
    at listOnTimeout (node:internal/timers:569:17)
    at process.processTimers (node:internal/timers:512:7) {
  code: 'ERR_INVALID_ARG_TYPE'
}

Node.js v18.17.1
undefined
{
  clipsPath: '/home/kevin/Dropbox/cb/clips.json',
  configPath: '/home/kevin/.config/cb/settings.json',
  imagesPath: '/home/kevin/Dropbox/cb/images',
  editor: 'code'
}
node:internal/fs/utils:696
    throw new ERR_INVALID_ARG_TYPE(propName, ['string', 'Buffer', 'URL'], path);
    ^

TypeError [ERR_INVALID_ARG_TYPE]: The "path" argument must be of type string or an instance of Buffer or URL. Received undefined
    at Object.openSync (node:fs:595:10)
    at Object.writeFileSync (node:fs:2324:35)
    at Timeout._onTimeout (file:///home/kevin/dev/cb/bin/tracker.js:27:10)
    at listOnTimeout (node:internal/timers:569:17)
    at process.processTimers (node:internal/timers:512:7) {
  code: 'ERR_INVALID_ARG_TYPE'
}

Node.js v18.17.1
node:internal/fs/utils:696
    throw new ERR_INVALID_ARG_TYPE(propName, ['string', 'Buffer', 'URL'], path);
    ^

TypeError [ERR_INVALID_ARG_TYPE]: The "path" argument must be of type string or an instance of Buffer or URL. Received undefined
    at Object.openSync (node:fs:595:10)
    at Object.writeFileSync (node:fs:2324:35)
    at Timeout._onTimeout (file:///home/kevin/dev/cb/bin/tracker.js:27:10)
    at listOnTimeout (node:internal/timers:569:17)
    at process.processTimers (node:internal/timers:512:7) {
  code: 'ERR_INVALID_ARG_TYPE'
}

Node.js v18.17.1
{
  clipsPath: '/home/kevin/Dropbox/cb/clips.json',
  configPath: '/home/kevin/.config/cb/settings.json',
  imagesPath: '/home/kevin/Dropbox/cb/images',
  editor: 'code'
}
{
  clipsPath: '/home/kevin/Dropbox/cb/clips.json',
  configPath: '/home/kevin/.config/cb/settings.json',
  imagesPath: '/home/kevin/Dropbox/cb/images',
  editor: 'code'
}
{
  clipsPath: '/home/kevin/Dropbox/cb/clips.json',
  configPath: '/home/kevin/.config/cb/settings.json',
  imagesPath: '/home/kevin/Dropbox/cb/images',
  editor: 'code'
}
{
  clipsPath: '/home/kevin/Dropbox/cb/clips.json',
  configPath: '/home/kevin/.config/cb/settings.json',
  imagesPath: '/home/kevin/Dropbox/cb/images',
  editor: 'code'
}
{
  clipsPath: '/home/kevin/Dropbox/cb/clips.json',
  configPath: '/home/kevin/.config/cb/settings.json',
  imagesPath: '/home/kevin/Dropbox/cb/images',
  editor: 'code'
}
node:internal/fs/utils:696
    throw new ERR_INVALID_ARG_TYPE(propName, ['string', 'Buffer', 'URL'], path);
    ^

TypeError [ERR_INVALID_ARG_TYPE]: The "path" argument must be of type string or an instance of Buffer or URL. Received undefined
    at Object.openSync (node:fs:595:10)
    at Object.writeFileSync (node:fs:2324:35)
    at Timeout._onTimeout (file:///home/kevin/dev/cb/bin/tracker.js:27:10)
    at listOnTimeout (node:internal/timers:569:17)
    at process.processTimers (node:internal/timers:512:7) {
  code: 'ERR_INVALID_ARG_TYPE'
}

Node.js v18.17.1
node:internal/fs/utils:696
    throw new ERR_INVALID_ARG_TYPE(propName, ['string', 'Buffer', 'URL'], path);
    ^

TypeError [ERR_INVALID_ARG_TYPE]: The "path" argument must be of type string or an instance of Buffer or URL. Received undefined
    at Object.openSync (node:fs:595:10)
    at Object.writeFileSync (node:fs:2324:35)
    at Timeout._onTimeout (file:///home/kevin/dev/cb/bin/tracker.js:27:10)
    at listOnTimeout (node:internal/timers:569:17)
    at process.processTimers (node:internal/timers:512:7) {
  code: 'ERR_INVALID_ARG_TYPE'
}

Node.js v18.17.1
node:internal/fs/utils:696
    throw new ERR_INVALID_ARG_TYPE(propName, ['string', 'Buffer', 'URL'], path);
    ^

TypeError [ERR_INVALID_ARG_TYPE]: The "path" argument must be of type string or an instance of Buffer or URL. Received undefined
    at Object.openSync (node:fs:595:10)
    at Object.writeFileSync (node:fs:2324:35)
    at Timeout._onTimeout (file:///home/kevin/dev/cb/bin/tracker.js:27:10)
    at listOnTimeout (node:internal/timers:569:17)
    at process.processTimers (node:internal/timers:512:7) {
  code: 'ERR_INVALID_ARG_TYPE'
}

Node.js v18.17.1
node:internal/fs/utils:696
    throw new ERR_INVALID_ARG_TYPE(propName, ['string', 'Buffer', 'URL'], path);
    ^

TypeError [ERR_INVALID_ARG_TYPE]: The "path" argument must be of type string or an instance of Buffer or URL. Received undefined
    at Object.openSync (node:fs:595:10)
    at Object.writeFileSync (node:fs:2324:35)
    at Timeout._onTimeout (file:///home/kevin/dev/cb/bin/tracker.js:27:10)
    at listOnTimeout (node:internal/timers:569:17)
    at process.processTimers (node:internal/timers:512:7) {
  code: 'ERR_INVALID_ARG_TYPE'
}

Node.js v18.17.1
node:internal/fs/utils:696
    throw new ERR_INVALID_ARG_TYPE(propName, ['string', 'Buffer', 'URL'], path);
    ^

TypeError [ERR_INVALID_ARG_TYPE]: The "path" argument must be of type string or an instance of Buffer or URL. Received undefined
    at Object.openSync (node:fs:595:10)
    at Object.writeFileSync (node:fs:2324:35)
    at Timeout._onTimeout (file:///home/kevin/dev/cb/bin/tracker.js:27:10)
    at listOnTimeout (node:internal/timers:569:17)
    at process.processTimers (node:internal/timers:512:7) {
  code: 'ERR_INVALID_ARG_TYPE'
}

Node.js v18.17.1
{
  clipsPath: '/home/kevin/.config/cb/clips.json',
  configPath: '/home/kevin/.config/cb/settings.json',
  historyPath: '/home/kevin/.config/cb/history.json',
  imagesPath: '/home/kevin/.config/cb/images',
  userConfig: {
    clipsPath: '/home/kevin/Dropbox/cb/clips.json',
    configPath: '/home/kevin/.config/cb/settings.json',
    imagesPath: '/home/kevin/Dropbox/cb/images',
    editor: 'code'
  }
}
{
  clipsPath: '/home/kevin/Dropbox/cb/clips.json',
  configPath: '/home/kevin/.config/cb/settings.json',
  historyPath: '/home/kevin/.config/cb/history.json',
  imagesPath: '/home/kevin/Dropbox/cb/images',
  editor: 'code'
}
{
  clipsPath: '/home/kevin/Dropbox/cb/clips.json',
  configPath: '/home/kevin/.config/cb/settings.json',
  historyPath: '/home/kevin/.config/cb/history.json',
  imagesPath: '/home/kevin/Dropbox/cb/images',
  editor: 'code'
}
{
  clipsPath: '/home/kevin/Dropbox/cb/clips.json',
  configPath: '/home/kevin/.config/cb/settings.json',
  historyPath: '/home/kevin/.config/cb/history.json',
  imagesPath: '/home/kevin/Dropbox/cb/images',
  editor: 'code'
}
